<?xml version="1.0" encoding="UTF-8"?>
<!-- Generated by org.testng.reporters.JUnitReportReporter -->
<testsuite skipped="0" hostname="G1C2ML14206" name="maven_testing_framework.framework.Main" tests="1" failures="0" timestamp="03 Sep 2018 10:02:23 GMT" time="70.234" errors="0">
  <testcase name="mainControll" time="70.234" classname="maven_testing_framework.framework.Main"/>
</testsuite> <!-- maven_testing_framework.framework.Main -->
